<?xml version="1.0" encoding="UTF-8"?>
<!-- Generated by org.testng.reporters.JUnitReportReporter -->
<testsuite hostname="LAPTOP-JP92ERMT" failures="0" tests="1" name="test.TestSel" time="9.329" errors="0" timestamp="2022-03-26T10:53:14 CST" skipped="0">
  <testcase classname="test.TestSel" name="f" time="9.329"/>
  <system-out/>
</testsuite> <!-- test.TestSel -->
